<?xml version="1.0" encoding="UTF-8"?>
<!-- Generated by org.testng.reporters.JUnitReportReporter -->
<testsuite skipped="0" hostname="DESKTOP-K9EHMR9" name="TestCases.SC_11_ExportToCSVTest" tests="4" failures="0" timestamp="2021-07-15T18:01:07 IST" time="180.960" errors="0">
  <testcase name="TC_01_dashboardExport" time="45.814" classname="TestCases.SC_11_ExportToCSVTest"/>
  <system-out/>
  <testcase name="TC_02_myTicketsExport" time="46.789" classname="TestCases.SC_11_ExportToCSVTest"/>
  <system-out/>
  <testcase name="TC_03_myAssetsExport" time="46.599" classname="TestCases.SC_11_ExportToCSVTest"/>
  <system-out/>
  <testcase name="TC_04_myContractsExport" time="41.758" classname="TestCases.SC_11_ExportToCSVTest"/>
  <system-out/>
</testsuite> <!-- TestCases.SC_11_ExportToCSVTest -->
