<?xml version="1.0" encoding="UTF-8"?>
<!-- Generated by org.testng.reporters.JUnitReportReporter -->
<testsuite hostname="DESKTOP-K9EHMR9" failures="0" tests="1" name="TestCases.SC_01_LoginTest" time="30.393" errors="0" timestamp="2021-09-23T13:20:34 IST" skipped="0">
  <testcase classname="TestCases.SC_01_LoginTest" name="TC_01_servicePortal" time="30.393"/>
  <system-out/>
</testsuite> <!-- TestCases.SC_01_LoginTest -->
