<?xml version="1.0" encoding="UTF-8"?>
<!-- Generated by org.testng.reporters.JUnitReportReporter -->
<testsuite skipped="0" hostname="DESKTOP-K9EHMR9" name="TestCases.SC_06_MyAssetsTest" tests="4" failures="0" timestamp="2021-07-15T18:01:07 IST" time="387.789" errors="0">
  <testcase name="TC_01_verifySearch" time="58.563" classname="TestCases.SC_06_MyAssetsTest"/>
  <system-out/>
  <testcase name="TC_02_sortingColumns" time="223.683" classname="TestCases.SC_06_MyAssetsTest"/>
  <system-out/>
  <testcase name="TC_03_addAssetPageVerification" time="57.696" classname="TestCases.SC_06_MyAssetsTest"/>
  <system-out/>
  <testcase name="TC_04_blankColumnVerification" time="47.847" classname="TestCases.SC_06_MyAssetsTest"/>
  <system-out/>
</testsuite> <!-- TestCases.SC_06_MyAssetsTest -->
