<?xml version="1.0" encoding="UTF-8"?>
<!-- Generated by org.testng.reporters.JUnitReportReporter -->
<testsuite skipped="0" hostname="DESKTOP-K9EHMR9" name="TestCases.SC_05_CreateTicketTest" tests="1" failures="0" timestamp="2021-06-22T18:35:21 IST" time="82.804" errors="0">
  <testcase name="TC_01_createTicket" time="82.804" classname="TestCases.SC_05_CreateTicketTest"/>
  <system-out/>
</testsuite> <!-- TestCases.SC_05_CreateTicketTest -->
