<?xml version="1.0" encoding="UTF-8"?>
<!-- Generated by org.testng.reporters.JUnitReportReporter -->
<testsuite skipped="0" hostname="DESKTOP-K9EHMR9" name="TestCases.SC_09_MyContractsTest" tests="4" failures="0" timestamp="2021-07-15T18:01:07 IST" time="253.929" errors="0">
  <testcase name="TC_01_contractDetailList" time="38.990" classname="TestCases.SC_09_MyContractsTest"/>
  <system-out/>
  <testcase name="TC_02_verifySearch" time="40.502" classname="TestCases.SC_09_MyContractsTest"/>
  <system-out/>
  <testcase name="TC_03_sortingColumns" time="92.454" classname="TestCases.SC_09_MyContractsTest"/>
  <system-out/>
  <testcase name="TC_04_addContract" time="81.983" classname="TestCases.SC_09_MyContractsTest"/>
  <system-out/>
</testsuite> <!-- TestCases.SC_09_MyContractsTest -->
